<?xml version="1.0" encoding="UTF-8"?>
<testng-results ignored="14" total="16" passed="0" failed="2" skipped="0">
  <reporter-output>
  </reporter-output>
  <suite started-at="2022-02-13T16:32:32 IST" name="Failed suite [Suite]" finished-at="2022-02-13T16:33:21 IST" duration-ms="48752">
    <groups>
    </groups>
    <test started-at="2022-02-13T16:32:32 IST" name="TestonChrome(failed)" finished-at="2022-02-13T16:32:55 IST" duration-ms="23034">
      <class name="testPackage.OranngeHrNewTestClass">
        <test-method is-config="true" signature="launchBrowser(java.lang.String)[pri:0, instance:testPackage.OranngeHrNewTestClass@76508ed1]" started-at="2022-02-13T16:32:32 IST" name="launchBrowser" finished-at="2022-02-13T16:32:34 IST" duration-ms="1505" status="PASS">
          <params>
            <param index="0">
              <value>
                <![CDATA[chrome]]>
              </value>
            </param>
          </params>
          <reporter-output>
          </reporter-output>
        </test-method> <!-- launchBrowser -->
        <test-method is-config="true" signature="createPomObjects()[pri:0, instance:testPackage.OranngeHrNewTestClass@76508ed1]" started-at="2022-02-13T16:32:34 IST" name="createPomObjects" finished-at="2022-02-13T16:32:34 IST" duration-ms="893" status="PASS">
          <reporter-output>
          </reporter-output>
        </test-method> <!-- createPomObjects -->
        <test-method is-config="true" signature="loginToApplication()[pri:0, instance:testPackage.OranngeHrNewTestClass@76508ed1]" started-at="2022-02-13T16:32:34 IST" name="loginToApplication" finished-at="2022-02-13T16:32:48 IST" duration-ms="13126" status="PASS">
          <reporter-output>
          </reporter-output>
        </test-method> <!-- loginToApplication -->
        <test-method signature="verifyAdminButton()[pri:0, instance:testPackage.OranngeHrNewTestClass@76508ed1]" started-at="2022-02-13T16:32:48 IST" name="verifyAdminButton" finished-at="2022-02-13T16:32:52 IST" duration-ms="4666" status="FAIL">
          <exception class="java.lang.AssertionError">
            <message>
              <![CDATA[null]]>
            </message>
            <full-stacktrace>
              <![CDATA[java.lang.AssertionError: null
at org.testng.Assert.fail(Assert.java:99)
at org.testng.Assert.fail(Assert.java:106)
at testPackage.OranngeHrNewTestClass.verifyAdminButton(OranngeHrNewTestClass.java:123)
at java.base/jdk.internal.reflect.NativeMethodAccessorImpl.invoke0(Native Method)
at java.base/jdk.internal.reflect.NativeMethodAccessorImpl.invoke(NativeMethodAccessorImpl.java:78)
at java.base/jdk.internal.reflect.DelegatingMethodAccessorImpl.invoke(DelegatingMethodAccessorImpl.java:43)
at java.base/java.lang.reflect.Method.invoke(Method.java:567)
at org.testng.internal.MethodInvocationHelper.invokeMethod(MethodInvocationHelper.java:133)
at org.testng.internal.TestInvoker.invokeMethod(TestInvoker.java:598)
at org.testng.internal.TestInvoker.invokeTestMethod(TestInvoker.java:173)
at org.testng.internal.MethodRunner.runInSequence(MethodRunner.java:46)
at org.testng.internal.TestInvoker$MethodInvocationAgent.invoke(TestInvoker.java:824)
at org.testng.internal.TestInvoker.invokeTestMethods(TestInvoker.java:146)
at org.testng.internal.TestMethodWorker.invokeTestMethods(TestMethodWorker.java:146)
at org.testng.internal.TestMethodWorker.run(TestMethodWorker.java:128)
at java.base/java.util.concurrent.ThreadPoolExecutor.runWorker(ThreadPoolExecutor.java:1130)
at java.base/java.util.concurrent.ThreadPoolExecutor$Worker.run(ThreadPoolExecutor.java:630)
at java.base/java.lang.Thread.run(Thread.java:831)
]]>
            </full-stacktrace>
          </exception> <!-- java.lang.AssertionError -->
          <reporter-output>
          </reporter-output>
        </test-method> <!-- verifyAdminButton -->
        <test-method is-config="true" signature="logOutFromApplication(org.testng.ITestResult)[pri:0, instance:testPackage.OranngeHrNewTestClass@76508ed1]" started-at="2022-02-13T16:32:52 IST" name="logOutFromApplication" finished-at="2022-02-13T16:32:55 IST" duration-ms="2428" status="PASS">
          <params>
            <param index="0">
              <value>
                <![CDATA[[TestResult name=verifyAdminButton status=FAILURE method=OranngeHrNewTestClass.verifyAdminButton()[pri:0, instance:testPackage.OranngeHrNewTestClass@76508ed1] output={null}]]]>
              </value>
            </param>
          </params>
          <reporter-output>
          </reporter-output>
        </test-method> <!-- logOutFromApplication -->
        <test-method is-config="true" signature="clearPomObjects()[pri:0, instance:testPackage.OranngeHrNewTestClass@76508ed1]" started-at="2022-02-13T16:32:55 IST" name="clearPomObjects" finished-at="2022-02-13T16:32:55 IST" duration-ms="2" status="PASS">
          <reporter-output>
          </reporter-output>
        </test-method> <!-- clearPomObjects -->
        <test-method is-config="true" signature="closeBrowser()[pri:0, instance:testPackage.OranngeHrNewTestClass@76508ed1]" started-at="2022-02-13T16:32:55 IST" name="closeBrowser" finished-at="2022-02-13T16:32:55 IST" duration-ms="378" status="PASS">
          <reporter-output>
          </reporter-output>
        </test-method> <!-- closeBrowser -->
      </class> <!-- testPackage.OranngeHrNewTestClass -->
    </test> <!-- TestonChrome(failed) -->
    <test started-at="2022-02-13T16:32:55 IST" name="TestonEdge(failed)" finished-at="2022-02-13T16:33:21 IST" duration-ms="25652">
      <class name="testPackage.OranngeHrNewTestClass">
        <test-method is-config="true" signature="launchBrowser(java.lang.String)[pri:0, instance:testPackage.OranngeHrNewTestClass@6dc17b83]" started-at="2022-02-13T16:32:55 IST" name="launchBrowser" finished-at="2022-02-13T16:32:58 IST" duration-ms="2856" status="PASS">
          <params>
            <param index="0">
              <value>
                <![CDATA[edge]]>
              </value>
            </param>
          </params>
          <reporter-output>
          </reporter-output>
        </test-method> <!-- launchBrowser -->
        <test-method is-config="true" signature="createPomObjects()[pri:0, instance:testPackage.OranngeHrNewTestClass@6dc17b83]" started-at="2022-02-13T16:32:58 IST" name="createPomObjects" finished-at="2022-02-13T16:32:59 IST" duration-ms="882" status="PASS">
          <reporter-output>
          </reporter-output>
        </test-method> <!-- createPomObjects -->
        <test-method is-config="true" signature="loginToApplication()[pri:0, instance:testPackage.OranngeHrNewTestClass@6dc17b83]" started-at="2022-02-13T16:32:59 IST" name="loginToApplication" finished-at="2022-02-13T16:33:13 IST" duration-ms="14070" status="PASS">
          <reporter-output>
          </reporter-output>
        </test-method> <!-- loginToApplication -->
        <test-method signature="verifyAdminButton()[pri:0, instance:testPackage.OranngeHrNewTestClass@6dc17b83]" started-at="2022-02-13T16:33:13 IST" name="verifyAdminButton" finished-at="2022-02-13T16:33:18 IST" duration-ms="4772" status="FAIL">
          <exception class="java.lang.AssertionError">
            <message>
              <![CDATA[null]]>
            </message>
            <full-stacktrace>
              <![CDATA[java.lang.AssertionError: null
at org.testng.Assert.fail(Assert.java:99)
at org.testng.Assert.fail(Assert.java:106)
at testPackage.OranngeHrNewTestClass.verifyAdminButton(OranngeHrNewTestClass.java:123)
at java.base/jdk.internal.reflect.NativeMethodAccessorImpl.invoke0(Native Method)
at java.base/jdk.internal.reflect.NativeMethodAccessorImpl.invoke(NativeMethodAccessorImpl.java:78)
at java.base/jdk.internal.reflect.DelegatingMethodAccessorImpl.invoke(DelegatingMethodAccessorImpl.java:43)
at java.base/java.lang.reflect.Method.invoke(Method.java:567)
at org.testng.internal.MethodInvocationHelper.invokeMethod(MethodInvocationHelper.java:133)
at org.testng.internal.TestInvoker.invokeMethod(TestInvoker.java:598)
at org.testng.internal.TestInvoker.invokeTestMethod(TestInvoker.java:173)
at org.testng.internal.MethodRunner.runInSequence(MethodRunner.java:46)
at org.testng.internal.TestInvoker$MethodInvocationAgent.invoke(TestInvoker.java:824)
at org.testng.internal.TestInvoker.invokeTestMethods(TestInvoker.java:146)
at org.testng.internal.TestMethodWorker.invokeTestMethods(TestMethodWorker.java:146)
at org.testng.internal.TestMethodWorker.run(TestMethodWorker.java:128)
at java.base/java.util.concurrent.ThreadPoolExecutor.runWorker(ThreadPoolExecutor.java:1130)
at java.base/java.util.concurrent.ThreadPoolExecutor$Worker.run(ThreadPoolExecutor.java:630)
at java.base/java.lang.Thread.run(Thread.java:831)
]]>
            </full-stacktrace>
          </exception> <!-- java.lang.AssertionError -->
          <reporter-output>
          </reporter-output>
        </test-method> <!-- verifyAdminButton -->
        <test-method is-config="true" signature="logOutFromApplication(org.testng.ITestResult)[pri:0, instance:testPackage.OranngeHrNewTestClass@6dc17b83]" started-at="2022-02-13T16:33:18 IST" name="logOutFromApplication" finished-at="2022-02-13T16:33:20 IST" duration-ms="2721" status="PASS">
          <params>
            <param index="0">
              <value>
                <![CDATA[[TestResult name=verifyAdminButton status=FAILURE method=OranngeHrNewTestClass.verifyAdminButton()[pri:0, instance:testPackage.OranngeHrNewTestClass@6dc17b83] output={null}]]]>
              </value>
            </param>
          </params>
          <reporter-output>
          </reporter-output>
        </test-method> <!-- logOutFromApplication -->
        <test-method is-config="true" signature="clearPomObjects()[pri:0, instance:testPackage.OranngeHrNewTestClass@6dc17b83]" started-at="2022-02-13T16:33:20 IST" name="clearPomObjects" finished-at="2022-02-13T16:33:20 IST" duration-ms="0" status="PASS">
          <reporter-output>
          </reporter-output>
        </test-method> <!-- clearPomObjects -->
        <test-method is-config="true" signature="closeBrowser()[pri:0, instance:testPackage.OranngeHrNewTestClass@6dc17b83]" started-at="2022-02-13T16:33:20 IST" name="closeBrowser" finished-at="2022-02-13T16:33:21 IST" duration-ms="344" status="PASS">
          <reporter-output>
          </reporter-output>
        </test-method> <!-- closeBrowser -->
      </class> <!-- testPackage.OranngeHrNewTestClass -->
    </test> <!-- TestonEdge(failed) -->
  </suite> <!-- Failed suite [Suite] -->
</testng-results>
